{"meta": {"format": 3, "version": "7.15.1", "timestamp": "2026-07-13T17:07:49.795821", "branch_coverage": true, "show_contexts": false}, "files": {"src/mac/notifier_service.py": {"executed_lines": [1, 3, 4, 6, 21, 24, 25, 26, 29, 30, 31, 32, 33, 34, 35, 36, 37, 38, 39, 40, 41, 42, 43, 46, 53, 54, 56, 70, 71, 72, 73, 74, 75, 76, 77, 78, 79, 81, 92, 93, 94, 95, 96, 97, 101, 102, 103, 104, 105, 131, 133, 134, 138, 139, 140, 142, 148, 149, 150, 151, 152, 153, 154, 155, 156, 157, 158, 159, 160, 162, 163, 164, 166, 172, 173, 174, 189, 202, 203, 204, 205, 206, 207, 208, 210, 211, 212, 213, 214, 215, 224, 225, 226, 227, 228, 229, 237, 238, 239, 240, 248, 249, 254, 255, 270, 272, 278, 285, 286, 287, 288, 289, 290, 291, 297, 298, 299, 301, 304, 305, 308, 309, 310, 311, 320, 326, 327, 328, 336, 338, 352, 355, 357, 358, 359, 360, 370, 371, 381, 382, 383, 388, 392, 411, 429, 430, 431, 432, 433, 434, 436, 437, 439, 444, 445, 446, 447, 448, 449, 450, 451, 452, 453, 454, 455, 456, 460, 461, 462, 473, 474, 475, 476, 477, 478, 479, 481, 482, 483, 485, 486, 487, 488, 489, 490, 491, 502, 504, 524, 525, 531, 532, 533, 534, 535, 540, 541, 542, 543, 544, 546, 547, 548, 549, 550, 551, 552, 553, 554, 556, 557, 566, 567, 579, 580], "summary": {"covered_lines": 215, "num_statements": 240, "percent_covered": 86.60714285714286, "percent_covered_display": "86.61", "missing_lines": 25, "excluded_lines": 0, "percent_statements_covered": 89.58333333333333, "percent_statements_covered_display": "89.58", "num_branches": 96, "num_partial_branches": 10, "covered_branches": 76, "missing_branches": 20, "percent_branches_covered": 79.16666666666667, "percent_branches_covered_display": "79.17"}, "missing_lines": [209, 300, 356, 361, 369, 372, 380, 412, 413, 427, 435, 466, 469, 470, 471, 480, 505, 506, 507, 508, 509, 510, 511, 512, 522], "excluded_lines": [], "executed_branches": [[30, 31], [30, 41], [32, 33], [32, 40], [34, 35], [34, 39], [36, 37], [36, 38], [41, 42], [41, 43], [93, 94], [93, 95], [96, 97], [96, 101], [138, 139], [138, 140], [150, 151], [150, 153], [153, 154], [153, 156], [157, 158], [157, 159], [173, 174], [173, 189], [206, 207], [206, 240], [208, 210], [226, 227], [226, 237], [285, 286], [285, 287], [288, 289], [288, 290], [297, 298], [297, 327], [299, 301], [304, 305], [304, 311], [308, 309], [327, 328], [327, 336], [355, 357], [360, 370], [371, 381], [381, 382], [431, 432], [431, 437], [432, 433], [432, 434], [434, 436], [448, 449], [448, 451], [452, 453], [452, 460], [461, 462], [476, 477], [476, 483], [479, 483], [487, 488], [487, 502], [488, 489], [488, 490], [490, 487], [490, 491], [534, 535], [534, 544], [540, 541], [540, 542], [547, 548], [547, 549], [549, 550], [549, 554], [550, 551], [550, 552], [552, 549], [552, 553]], "missing_branches": [[208, 209], [299, 300], [308, 310], [355, 356], [360, 361], [371, 372], [381, 388], [434, 435], [461, 466], [469, 470], [469, 471], [479, 480], [506, 507], [506, 522], [507, 508], [507, 509], [509, 510], [509, 511], [511, 506], [511, 512]], "functions": {"_message_safe_value": {"executed_lines": [30, 31, 32, 33, 34, 35, 36, 37, 38, 39, 40, 41, 42, 43], "summary": {"covered_lines": 14, "num_statements": 14, "percent_covered": 100.0, "percent_covered_display": "100.00", "missing_lines": 0, "excluded_lines": 0, "percent_statements_covered": 100.0, "percent_statements_covered_display": "100.00", "num_branches": 10, "num_partial_branches": 0, "covered_branches": 10, "missing_branches": 0, "percent_branches_covered": 100.0, "percent_branches_covered_display": "100.00"}, "missing_lines": [], "excluded_lines": [], "start_line": 29, "executed_branches": [[30, 31], [30, 41], [32, 33], [32, 40], [34, 35], [34, 39], [36, 37], [36, 38], [41, 42], [41, 43]], "missing_branches": []}, "NotifierService.__init__": {"executed_lines": [70, 71, 72, 73, 74, 75, 76, 77, 78, 79], "summary": {"covered_lines": 10, "num_statements": 10, "percent_covered": 100.0, "percent_covered_display": "100.00", "missing_lines": 0, "excluded_lines": 0, "percent_statements_covered": 100.0, "percent_statements_covered_display": "100.00", "num_branches": 0, "num_partial_branches": 0, "covered_branches": 0, "missing_branches": 0, "percent_branches_covered": 100.0, "percent_branches_covered_display": "100.00"}, "missing_lines": [], "excluded_lines": [], "start_line": 56, "executed_branches": [], "missing_branches": []}, "NotifierService.configure_channel": {"executed_lines": [92, 93, 94, 95, 96, 97, 101, 102, 103, 104, 105, 131], "summary": {"covered_lines": 12, "num_statements": 12, "percent_covered": 100.0, "percent_covered_display": "100.00", "missing_lines": 0, "excluded_lines": 0, "percent_statements_covered": 100.0, "percent_statements_covered_display": "100.00", "num_branches": 4, "num_partial_branches": 0, "covered_branches": 4, "missing_branches": 0, "percent_branches_covered": 100.0, "percent_branches_covered_display": "100.00"}, "missing_lines": [], "excluded_lines": [], "start_line": 81, "executed_branches": [[93, 94], [93, 95], [96, 97], [96, 101]], "missing_branches": []}, "NotifierService.get_channel": {"executed_lines": [134, 138, 139, 140], "summary": {"covered_lines": 4, "num_statements": 4, "percent_covered": 100.0, "percent_covered_display": "100.00", "missing_lines": 0, "excluded_lines": 0, "percent_statements_covered": 100.0, "percent_statements_covered_display": "100.00", "num_branches": 2, "num_partial_branches": 0, "covered_branches": 2, "missing_branches": 0, "percent_branches_covered": 100.0, "percent_branches_covered_display": "100.00"}, "missing_lines": [], "excluded_lines": [], "start_line": 133, "executed_branches": [[138, 139], [138, 140]], "missing_branches": []}, "NotifierService.list_channels": {"executed_lines": [148, 149, 150, 151, 152, 153, 154, 155, 156, 157, 158, 159, 160], "summary": {"covered_lines": 13, "num_statements": 13, "percent_covered": 100.0, "percent_covered_display": "100.00", "missing_lines": 0, "excluded_lines": 0, "percent_statements_covered": 100.0, "percent_statements_covered_display": "100.00", "num_branches": 6, "num_partial_branches": 0, "covered_branches": 6, "missing_branches": 0, "percent_branches_covered": 100.0, "percent_branches_covered_display": "100.00"}, "missing_lines": [], "excluded_lines": [], "start_line": 142, "executed_branches": [[150, 151], [150, 153], [153, 154], [153, 156], [157, 158], [157, 159]], "missing_branches": []}, "NotifierService.delete_channel": {"executed_lines": [163, 164], "summary": {"covered_lines": 2, "num_statements": 2, "percent_covered": 100.0, "percent_covered_display": "100.00", "missing_lines": 0, "excluded_lines": 0, "percent_statements_covered": 100.0, "percent_statements_covered_display": "100.00", "num_branches": 0, "num_partial_branches": 0, "covered_branches": 0, "missing_branches": 0, "percent_branches_covered": 100.0, "percent_branches_covered_display": "100.00"}, "missing_lines": [], "excluded_lines": [], "start_line": 162, "executed_branches": [], "missing_branches": []}, "NotifierService.deliver_pending": {"executed_lines": [172, 173, 174, 189, 202, 203, 204, 205, 206, 207, 208, 210, 211, 212, 213, 214, 215, 224, 225, 226, 227, 228, 229, 237, 238, 239, 240], "summary": {"covered_lines": 27, "num_statements": 28, "percent_covered": 94.44444444444444, "percent_covered_display": "94.44", "missing_lines": 1, "excluded_lines": 0, "percent_statements_covered": 96.42857142857143, "percent_statements_covered_display": "96.43", "num_branches": 8, "num_partial_branches": 1, "covered_branches": 7, "missing_branches": 1, "percent_branches_covered": 87.5, "percent_branches_covered_display": "87.50"}, "missing_lines": [209], "excluded_lines": [], "start_line": 166, "executed_branches": [[173, 174], [173, 189], [206, 207], [206, 240], [208, 210], [226, 227], [226, 237]], "missing_branches": [[208, 209]]}, "NotifierService._claim_stale_before": {"executed_lines": [249], "summary": {"covered_lines": 1, "num_statements": 1, "percent_covered": 100.0, "percent_covered_display": "100.00", "missing_lines": 0, "excluded_lines": 0, "percent_statements_covered": 100.0, "percent_statements_covered_display": "100.00", "num_branches": 0, "num_partial_branches": 0, "covered_branches": 0, "missing_branches": 0, "percent_branches_covered": 100.0, "percent_branches_covered_display": "100.00"}, "missing_lines": [], "excluded_lines": [], "start_line": 248, "executed_branches": [], "missing_branches": []}, "NotifierService._claim_notification": {"executed_lines": [255, 270], "summary": {"covered_lines": 2, "num_statements": 2, "percent_covered": 100.0, "percent_covered_display": "100.00", "missing_lines": 0, "excluded_lines": 0, "percent_statements_covered": 100.0, "percent_statements_covered_display": "100.00", "num_branches": 0, "num_partial_branches": 0, "covered_branches": 0, "missing_branches": 0, "percent_branches_covered": 100.0, "percent_branches_covered_display": "100.00"}, "missing_lines": [], "excluded_lines": [], "start_line": 254, "executed_branches": [], "missing_branches": []}, "NotifierService._deliver_notification": {"executed_lines": [278, 285, 286, 287, 288, 289, 290, 291, 297, 298, 299, 301, 304, 305, 308, 309, 310, 311, 320, 326, 327, 328, 336], "summary": {"covered_lines": 23, "num_statements": 24, "percent_covered": 92.10526315789474, "percent_covered_display": "92.11", "missing_lines": 1, "excluded_lines": 0, "percent_statements_covered": 95.83333333333333, "percent_statements_covered_display": "95.83", "num_branches": 14, "num_partial_branches": 2, "covered_branches": 12, "missing_branches": 2, "percent_branches_covered": 85.71428571428571, "percent_branches_covered_display": "85.71"}, "missing_lines": [300], "excluded_lines": [], "start_line": 272, "executed_branches": [[285, 286], [285, 287], [288, 289], [288, 290], [297, 298], [297, 327], [299, 301], [304, 305], [304, 311], [308, 309], [327, 328], [327, 336]], "missing_branches": [[299, 300], [308, 310]]}, "NotifierService._enqueue_openclaw_delivery": {"executed_lines": [352, 355, 357, 358, 359, 360, 370, 371, 381, 382, 383, 388, 392, 411], "summary": {"covered_lines": 14, "num_statements": 22, "percent_covered": 60.0, "percent_covered_display": "60.00", "missing_lines": 8, "excluded_lines": 0, "percent_statements_covered": 63.63636363636363, "percent_statements_covered_display": "63.64", "num_branches": 8, "num_partial_branches": 4, "covered_branches": 4, "missing_branches": 4, "percent_branches_covered": 50.0, "percent_branches_covered_display": "50.00"}, "missing_lines": [356, 361, 369, 372, 380, 412, 413, 427], "excluded_lines": [], "start_line": 338, "executed_branches": [[355, 357], [360, 370], [371, 381], [381, 382]], "missing_branches": [[355, 356], [360, 361], [371, 372], [381, 388]]}, "NotifierService._configured_targets": {"executed_lines": [430, 431, 432, 433, 434, 436, 437], "summary": {"covered_lines": 7, "num_statements": 8, "percent_covered": 85.71428571428571, "percent_covered_display": "85.71", "missing_lines": 1, "excluded_lines": 0, "percent_statements_covered": 87.5, "percent_statements_covered_display": "87.50", "num_branches": 6, "num_partial_branches": 1, "covered_branches": 5, "missing_branches": 1, "percent_branches_covered": 83.33333333333333, "percent_branches_covered_display": "83.33"}, "missing_lines": [435], "excluded_lines": [], "start_line": 429, "executed_branches": [[431, 432], [431, 437], [432, 433], [432, 434], [434, 436]], "missing_branches": [[434, 435]]}, "NotifierService._targets_for_channel": {"executed_lines": [444, 445, 446, 447, 448, 449, 450, 451, 452, 453, 454, 455, 456, 460, 461, 462], "summary": {"covered_lines": 16, "num_statements": 20, "percent_covered": 75.0, "percent_covered_display": "75.00", "missing_lines": 4, "excluded_lines": 0, "percent_statements_covered": 80.0, "percent_statements_covered_display": "80.00", "num_branches": 8, "num_partial_branches": 1, "covered_branches": 5, "missing_branches": 3, "percent_branches_covered": 62.5, "percent_branches_covered_display": "62.50"}, "missing_lines": [466, 469, 470, 471], "excluded_lines": [], "start_line": 439, "executed_branches": [[448, 449], [448, 451], [452, 453], [452, 460], [461, 462]], "missing_branches": [[461, 466], [469, 470], [469, 471]]}, "NotifierService._auto_hermes_targets": {"executed_lines": [474, 475, 476, 477, 478, 479, 481, 482, 483], "summary": {"covered_lines": 9, "num_statements": 10, "percent_covered": 85.71428571428571, "percent_covered_display": "85.71", "missing_lines": 1, "excluded_lines": 0, "percent_statements_covered": 90.0, "percent_statements_covered_display": "90.00", "num_branches": 4, "num_partial_branches": 1, "covered_branches": 3, "missing_branches": 1, "percent_branches_covered": 75.0, "percent_branches_covered_display": "75.00"}, "missing_lines": [480], "excluded_lines": [], "start_line": 473, "executed_branches": [[476, 477], [476, 483], [479, 483]], "missing_branches": [[479, 480]]}, "NotifierService._platform_targets": {"executed_lines": [486, 487, 488, 489, 490, 491, 502], "summary": {"covered_lines": 7, "num_statements": 7, "percent_covered": 100.0, "percent_covered_display": "100.00", "missing_lines": 0, "excluded_lines": 0, "percent_statements_covered": 100.0, "percent_statements_covered_display": "100.00", "num_branches": 6, "num_partial_branches": 0, "covered_branches": 6, "missing_branches": 0, "percent_branches_covered": 100.0, "percent_branches_covered_display": "100.00"}, "missing_lines": [], "excluded_lines": [], "start_line": 485, "executed_branches": [[487, 488], [487, 502], [488, 489], [488, 490], [490, 487], [490, 491]], "missing_branches": []}, "NotifierService._platform_targets_for_hermes": {"executed_lines": [], "summary": {"covered_lines": 0, "num_statements": 9, "percent_covered": 0.0, "percent_covered_display": "0.00", "missing_lines": 9, "excluded_lines": 0, "percent_statements_covered": 0.0, "percent_statements_covered_display": "0.00", "num_branches": 8, "num_partial_branches": 0, "covered_branches": 0, "missing_branches": 8, "percent_branches_covered": 0.0, "percent_branches_covered_display": "0.00"}, "missing_lines": [505, 506, 507, 508, 509, 510, 511, 512, 522], "excluded_lines": [], "start_line": 504, "executed_branches": [], "missing_branches": [[506, 507], [506, 522], [507, 508], [507, 509], [509, 510], [509, 511], [511, 506], [511, 512]]}, "NotifierService._agents_for_hermes": {"executed_lines": [525], "summary": {"covered_lines": 1, "num_statements": 1, "percent_covered": 100.0, "percent_covered_display": "100.00", "missing_lines": 0, "excluded_lines": 0, "percent_statements_covered": 100.0, "percent_statements_covered_display": "100.00", "num_branches": 0, "num_partial_branches": 0, "covered_branches": 0, "missing_branches": 0, "percent_branches_covered": 100.0, "percent_branches_covered_display": "100.00"}, "missing_lines": [], "excluded_lines": [], "start_line": 524, "executed_branches": [], "missing_branches": []}, "NotifierService._dedupe_targets": {"executed_lines": [532, 533, 534, 535, 540, 541, 542, 543, 544], "summary": {"covered_lines": 9, "num_statements": 9, "percent_covered": 100.0, "percent_covered_display": "100.00", "missing_lines": 0, "excluded_lines": 0, "percent_statements_covered": 100.0, "percent_statements_covered_display": "100.00", "num_branches": 4, "num_partial_branches": 0, "covered_branches": 4, "missing_branches": 0, "percent_branches_covered": 100.0, "percent_branches_covered_display": "100.00"}, "missing_lines": [], "excluded_lines": [], "start_line": 531, "executed_branches": [[534, 535], [534, 544], [540, 541], [540, 542]], "missing_branches": []}, "NotifierService._event_matches": {"executed_lines": [547, 548, 549, 550, 551, 552, 553, 554], "summary": {"covered_lines": 8, "num_statements": 8, "percent_covered": 100.0, "percent_covered_display": "100.00", "missing_lines": 0, "excluded_lines": 0, "percent_statements_covered": 100.0, "percent_statements_covered_display": "100.00", "num_branches": 8, "num_partial_branches": 0, "covered_branches": 8, "missing_branches": 0, "percent_branches_covered": 100.0, "percent_branches_covered_display": "100.00"}, "missing_lines": [], "excluded_lines": [], "start_line": 546, "executed_branches": [[547, 548], [547, 549], [549, 550], [549, 554], [550, 551], [550, 552], [552, 549], [552, 553]], "missing_branches": []}, "NotifierService._mark_notification": {"executed_lines": [557], "summary": {"covered_lines": 1, "num_statements": 1, "percent_covered": 100.0, "percent_covered_display": "100.00", "missing_lines": 0, "excluded_lines": 0, "percent_statements_covered": 100.0, "percent_statements_covered_display": "100.00", "num_branches": 0, "num_partial_branches": 0, "covered_branches": 0, "missing_branches": 0, "percent_branches_covered": 100.0, "percent_branches_covered_display": "100.00"}, "missing_lines": [], "excluded_lines": [], "start_line": 556, "executed_branches": [], "missing_branches": []}, "NotifierService._from_row": {"executed_lines": [567], "summary": {"covered_lines": 1, "num_statements": 1, "percent_covered": 100.0, "percent_covered_display": "100.00", "missing_lines": 0, "excluded_lines": 0, "percent_statements_covered": 100.0, "percent_statements_covered_display": "100.00", "num_branches": 0, "num_partial_branches": 0, "covered_branches": 0, "missing_branches": 0, "percent_branches_covered": 100.0, "percent_branches_covered_display": "100.00"}, "missing_lines": [], "excluded_lines": [], "start_line": 566, "executed_branches": [], "missing_branches": []}, "NotifierService._notification_from_row": {"executed_lines": [580], "summary": {"covered_lines": 1, "num_statements": 1, "percent_covered": 100.0, "percent_covered_display": "100.00", "missing_lines": 0, "excluded_lines": 0, "percent_statements_covered": 100.0, "percent_statements_covered_display": "100.00", "num_branches": 0, "num_partial_branches": 0, "covered_branches": 0, "missing_branches": 0, "percent_branches_covered": 100.0, "percent_branches_covered_display": "100.00"}, "missing_lines": [], "excluded_lines": [], "start_line": 579, "executed_branches": [], "missing_branches": []}, "": {"executed_lines": [1, 3, 4, 6, 21, 24, 25, 26, 29, 46, 53, 54, 56, 81, 133, 142, 162, 166, 248, 254, 272, 338, 429, 439, 473, 485, 504, 524, 531, 546, 556, 566, 579], "summary": {"covered_lines": 33, "num_statements": 33, "percent_covered": 100.0, "percent_covered_display": "100.00", "missing_lines": 0, "excluded_lines": 0, "percent_statements_covered": 100.0, "percent_statements_covered_display": "100.00", "num_branches": 0, "num_partial_branches": 0, "covered_branches": 0, "missing_branches": 0, "percent_branches_covered": 100.0, "percent_branches_covered_display": "100.00"}, "missing_lines": [], "excluded_lines": [], "start_line": 1, "executed_branches": [], "missing_branches": []}}, "classes": {"NotifierService": {"executed_lines": [70, 71, 72, 73, 74, 75, 76, 77, 78, 79, 92, 93, 94, 95, 96, 97, 101, 102, 103, 104, 105, 131, 134, 138, 139, 140, 148, 149, 150, 151, 152, 153, 154, 155, 156, 157, 158, 159, 160, 163, 164, 172, 173, 174, 189, 202, 203, 204, 205, 206, 207, 208, 210, 211, 212, 213, 214, 215, 224, 225, 226, 227, 228, 229, 237, 238, 239, 240, 249, 255, 270, 278, 285, 286, 287, 288, 289, 290, 291, 297, 298, 299, 301, 304, 305, 308, 309, 310, 311, 320, 326, 327, 328, 336, 352, 355, 357, 358, 359, 360, 370, 371, 381, 382, 383, 388, 392, 411, 430, 431, 432, 433, 434, 436, 437, 444, 445, 446, 447, 448, 449, 450, 451, 452, 453, 454, 455, 456, 460, 461, 462, 474, 475, 476, 477, 478, 479, 481, 482, 483, 486, 487, 488, 489, 490, 491, 502, 525, 532, 533, 534, 535, 540, 541, 542, 543, 544, 547, 548, 549, 550, 551, 552, 553, 554, 557, 567, 580], "summary": {"covered_lines": 168, "num_statements": 193, "percent_covered": 83.87096774193549, "percent_covered_display": "83.87", "missing_lines": 25, "excluded_lines": 0, "percent_statements_covered": 87.04663212435233, "percent_statements_covered_display": "87.05", "num_branches": 86, "num_partial_branches": 10, "covered_branches": 66, "missing_branches": 20, "percent_branches_covered": 76.74418604651163, "percent_branches_covered_display": "76.74"}, "missing_lines": [209, 300, 356, 361, 369, 372, 380, 412, 413, 427, 435, 466, 469, 470, 471, 480, 505, 506, 507, 508, 509, 510, 511, 512, 522], "excluded_lines": [], "start_line": 46, "executed_branches": [[93, 94], [93, 95], [96, 97], [96, 101], [138, 139], [138, 140], [150, 151], [150, 153], [153, 154], [153, 156], [157, 158], [157, 159], [173, 174], [173, 189], [206, 207], [206, 240], [208, 210], [226, 227], [226, 237], [285, 286], [285, 287], [288, 289], [288, 290], [297, 298], [297, 327], [299, 301], [304, 305], [304, 311], [308, 309], [327, 328], [327, 336], [355, 357], [360, 370], [371, 381], [381, 382], [431, 432], [431, 437], [432, 433], [432, 434], [434, 436], [448, 449], [448, 451], [452, 453], [452, 460], [461, 462], [476, 477], [476, 483], [479, 483], [487, 488], [487, 502], [488, 489], [488, 490], [490, 487], [490, 491], [534, 535], [534, 544], [540, 541], [540, 542], [547, 548], [547, 549], [549, 550], [549, 554], [550, 551], [550, 552], [552, 549], [552, 553]], "missing_branches": [[208, 209], [299, 300], [308, 310], [355, 356], [360, 361], [371, 372], [381, 388], [434, 435], [461, 466], [469, 470], [469, 471], [479, 480], [506, 507], [506, 522], [507, 508], [507, 509], [509, 510], [509, 511], [511, 506], [511, 512]]}, "": {"executed_lines": [1, 3, 4, 6, 21, 24, 25, 26, 29, 30, 31, 32, 33, 34, 35, 36, 37, 38, 39, 40, 41, 42, 43, 46, 53, 54, 56, 81, 133, 142, 162, 166, 248, 254, 272, 338, 429, 439, 473, 485, 504, 524, 531, 546, 556, 566, 579], "summary": {"covered_lines": 47, "num_statements": 47, "percent_covered": 100.0, "percent_covered_display": "100.00", "missing_lines": 0, "excluded_lines": 0, "percent_statements_covered": 100.0, "percent_statements_covered_display": "100.00", "num_branches": 10, "num_partial_branches": 0, "covered_branches": 10, "missing_branches": 0, "percent_branches_covered": 100.0, "percent_branches_covered_display": "100.00"}, "missing_lines": [], "excluded_lines": [], "start_line": 1, "executed_branches": [[30, 31], [30, 41], [32, 33], [32, 40], [34, 35], [34, 39], [36, 37], [36, 38], [41, 42], [41, 43]], "missing_branches": []}}}}, "totals": {"covered_lines": 215, "num_statements": 240, "percent_covered": 86.60714285714286, "percent_covered_display": "86.61", "missing_lines": 25, "excluded_lines": 0, "percent_statements_covered": 89.58333333333333, "percent_statements_covered_display": "89.58", "num_branches": 96, "num_partial_branches": 10, "covered_branches": 76, "missing_branches": 20, "percent_branches_covered": 79.16666666666667, "percent_branches_covered_display": "79.17"}}